/opt/conda/lib/python3.12/site-packages/torch/utils/data/dataloader.py:617: UserWarning: This DataLoader will create 2 worker processes in total. Our suggested max number of worker in current system is 1, which is smaller than what this DataLoader is going to create. Please be aware that excessive worker creation might get DataLoader running slow or even freeze, lower the worker number to avoid potential slowness/freeze if necessary.
  warnings.warn(
/opt/conda/lib/python3.12/site-packages/torchvision/models/_utils.py:208: UserWarning: The parameter 'pretrained' is deprecated since 0.13 and may be removed in the future, please use 'weights' instead.
  warnings.warn(
/opt/conda/lib/python3.12/site-packages/torchvision/models/_utils.py:223: UserWarning: Arguments other than a weight enum or `None` for 'weights' are deprecated since 0.13 and may be removed in the future. The current behavior is equivalent to passing `weights=ResNet50_Weights.IMAGENET1K_V1`. You can also use `weights=ResNet50_Weights.DEFAULT` to get the most up-to-date weights.
  warnings.warn(msg)
Files already downloaded and verified
Files already downloaded and verified
Epoch 1: Train Loss=1.2851, Train Acc=0.5432 | Val Loss=1.3140, Val Acc=0.5759
Epoch 2: Train Loss=0.9647, Train Acc=0.6640 | Val Loss=0.9624, Val Acc=0.6623
Epoch 3: Train Loss=0.8374, Train Acc=0.7064 | Val Loss=0.8970, Val Acc=0.6826
Epoch 4: Train Loss=0.7615, Train Acc=0.7350 | Val Loss=0.8004, Val Acc=0.7278
Epoch 5: Train Loss=0.7089, Train Acc=0.7533 | Val Loss=0.7704, Val Acc=0.7309
Epoch 6: Train Loss=0.6654, Train Acc=0.7692 | Val Loss=0.7766, Val Acc=0.7234
Epoch 7: Train Loss=0.6191, Train Acc=0.7835 | Val Loss=0.6789, Val Acc=0.7676
Epoch 8: Train Loss=0.6029, Train Acc=0.7893 | Val Loss=0.6685, Val Acc=0.7728
Epoch 9: Train Loss=0.5715, Train Acc=0.8016 | Val Loss=0.6543, Val Acc=0.7787
Epoch 10: Train Loss=0.5638, Train Acc=0.8042 | Val Loss=0.6586, Val Acc=0.7771
Epoch 11: Train Loss=0.5407, Train Acc=0.8128 | Val Loss=0.5686, Val Acc=0.8041
Epoch 12: Train Loss=0.5236, Train Acc=0.8184 | Val Loss=0.5603, Val Acc=0.8049
Epoch 13: Train Loss=0.5161, Train Acc=0.8227 | Val Loss=0.6003, Val Acc=0.7964
Epoch 14: Train Loss=0.4973, Train Acc=0.8289 | Val Loss=0.5524, Val Acc=0.8099
Epoch 15: Train Loss=0.4820, Train Acc=0.8333 | Val Loss=0.5661, Val Acc=0.8072
Epoch 16: Train Loss=0.4719, Train Acc=0.8356 | Val Loss=0.5536, Val Acc=0.8082
Epoch 17: Train Loss=0.4618, Train Acc=0.8394 | Val Loss=0.5225, Val Acc=0.8208
Epoch 18: Train Loss=0.4503, Train Acc=0.8414 | Val Loss=0.5440, Val Acc=0.8152
Epoch 19: Train Loss=0.4417, Train Acc=0.8461 | Val Loss=0.5424, Val Acc=0.8202
Epoch 20: Train Loss=0.4244, Train Acc=0.8532 | Val Loss=0.5123, Val Acc=0.8273
Epoch 21: Train Loss=0.4109, Train Acc=0.8581 | Val Loss=0.5211, Val Acc=0.8206
Epoch 22: Train Loss=0.4139, Train Acc=0.8567 | Val Loss=0.4909, Val Acc=0.8334
Epoch 23: Train Loss=0.3969, Train Acc=0.8623 | Val Loss=0.5099, Val Acc=0.8300
Epoch 24: Train Loss=0.4018, Train Acc=0.8595 | Val Loss=0.4859, Val Acc=0.8395
Epoch 25: Train Loss=0.3870, Train Acc=0.8650 | Val Loss=0.5201, Val Acc=0.8222
Epoch 26: Train Loss=0.3820, Train Acc=0.8679 | Val Loss=0.5084, Val Acc=0.8296
Epoch 27: Train Loss=0.3745, Train Acc=0.8686 | Val Loss=0.4729, Val Acc=0.8418
Epoch 28: Train Loss=0.3640, Train Acc=0.8736 | Val Loss=0.4865, Val Acc=0.8397
Epoch 29: Train Loss=0.3589, Train Acc=0.8728 | Val Loss=0.5018, Val Acc=0.8290
Epoch 30: Train Loss=0.3557, Train Acc=0.8766 | Val Loss=0.4943, Val Acc=0.8360
Epoch 31: Train Loss=0.3537, Train Acc=0.8776 | Val Loss=0.4697, Val Acc=0.8413
Epoch 32: Train Loss=0.3399, Train Acc=0.8823 | Val Loss=0.5255, Val Acc=0.8296
Epoch 33: Train Loss=0.3408, Train Acc=0.8818 | Val Loss=0.4696, Val Acc=0.8458
Epoch 34: Train Loss=0.3350, Train Acc=0.8837 | Val Loss=0.4746, Val Acc=0.8443
Epoch 35: Train Loss=0.3365, Train Acc=0.8839 | Val Loss=0.4912, Val Acc=0.8409
Epoch 36: Train Loss=0.3220, Train Acc=0.8888 | Val Loss=0.4762, Val Acc=0.8453
Epoch 37: Train Loss=0.3305, Train Acc=0.8868 | Val Loss=0.4786, Val Acc=0.8377
Epoch 38: Train Loss=0.3180, Train Acc=0.8879 | Val Loss=0.4876, Val Acc=0.8396
Epoch 39: Train Loss=0.3114, Train Acc=0.8930 | Val Loss=0.4661, Val Acc=0.8478
Epoch 40: Train Loss=0.3058, Train Acc=0.8930 | Val Loss=0.5324, Val Acc=0.8309
Epoch 41: Train Loss=0.3122, Train Acc=0.8903 | Val Loss=0.4646, Val Acc=0.8485
Epoch 42: Train Loss=0.3010, Train Acc=0.8934 | Val Loss=0.4671, Val Acc=0.8477
Epoch 43: Train Loss=0.3014, Train Acc=0.8946 | Val Loss=0.4861, Val Acc=0.8428
Epoch 44: Train Loss=0.2997, Train Acc=0.8962 | Val Loss=0.4764, Val Acc=0.8451
Epoch 45: Train Loss=0.2939, Train Acc=0.8983 | Val Loss=0.4617, Val Acc=0.8500
Epoch 46: Train Loss=0.2875, Train Acc=0.9009 | Val Loss=0.4517, Val Acc=0.8528
Epoch 47: Train Loss=0.2848, Train Acc=0.9016 | Val Loss=0.4729, Val Acc=0.8414
Epoch 48: Train Loss=0.2841, Train Acc=0.9018 | Val Loss=0.4445, Val Acc=0.8568
Epoch 49: Train Loss=0.2768, Train Acc=0.9046 | Val Loss=0.4937, Val Acc=0.8390
Epoch 50: Train Loss=0.2797, Train Acc=0.9016 | Val Loss=0.4703, Val Acc=0.8452
Test Loss=0.2844, Test Acc=0.9183
